<?xml version="1.0" encoding="UTF-8"?>
<!-- Generated by org.testng.reporters.JUnitXMLReporter -->
<testsuite ignored="0" hostname="Sanjeve" failures="0" tests="12" name="Test" time="58.872" errors="0" timestamp="2024-09-20T09:22:06 IST">
  <testcase classname="test.Filter_option$Correctcred" name="CorrectCredentials" time="0.829"/>
  <testcase classname="test.Swag_wrngcred1" name="testWrongCredentials" time="1.449"/>
  <testcase classname="test.Correctcred" name="testCorrectCredentials" time="1.548"/>
  <testcase classname="test.wrongcred2" name="testCorrectUserWrongPassword" time="1.349"/>
  <testcase classname="test.Checkadded_product" name="test6" time="1.772"/>
  <testcase classname="test.Filter_option$Correctcred" name="filteroption" time="1.081"/>
  <testcase classname="test.Checkout" name="checkout" time="2.065"/>
  <testcase classname="test.Add1product" name="test5" time="1.168"/>
  <testcase classname="test.Remove_iteamfromcart" name="removeiteam" time="1.135"/>
  <testcase classname="test.Wrongcred3" name="testWrongUserWithCorrectPassword" time="3.596"/>
  <testcase classname="test.Add_multi_iteam" name="multipleiteam" time="1.27"/>
  <testcase classname="test.Logout$Checkout" name="logout" time="0.77"/>
</testsuite> <!-- Test -->
