<?xml version="1.0" encoding="UTF-8"?>
<testng-results ignored="0" total="1" passed="1" failed="0" skipped="0">
  <reporter-output>
  </reporter-output>
  <suite started-at="2024-09-20T10:25:33 IST" name="Default suite" finished-at="2024-09-20T10:25:35 IST" duration-ms="2215">
    <groups>
    </groups>
    <test started-at="2024-09-20T10:25:33 IST" name="Default test" finished-at="2024-09-20T10:25:35 IST" duration-ms="2215">
      <class name="test.Logout$Checkout">
        <test-method is-config="true" signature="beforeclass()[pri:0, instance:test.Logout$Checkout@8a589a2]" started-at="2024-09-20T10:25:33 IST" name="beforeclass" finished-at="2024-09-20T10:25:34 IST" duration-ms="1129" status="PASS">
          <reporter-output>
          </reporter-output>
        </test-method> <!-- beforeclass -->
        <test-method signature="logout()[pri:11, instance:test.Logout$Checkout@8a589a2]" started-at="2024-09-20T10:25:34 IST" name="logout" finished-at="2024-09-20T10:25:35 IST" duration-ms="778" status="PASS">
          <reporter-output>
          </reporter-output>
        </test-method> <!-- logout -->
        <test-method is-config="true" signature="teardown()[pri:0, instance:test.Logout$Checkout@8a589a2]" started-at="2024-09-20T10:25:35 IST" name="teardown" finished-at="2024-09-20T10:25:35 IST" duration-ms="258" status="PASS">
          <reporter-output>
          </reporter-output>
        </test-method> <!-- teardown -->
      </class> <!-- test.Logout$Checkout -->
    </test> <!-- Default test -->
  </suite> <!-- Default suite -->
</testng-results>
